<?xml version="1.0" encoding="UTF-8" ?>
<testsuite failures="0" time="0.036" errors="0" skipped="0" tests="1" name="FindBugsManager.FindBugs.AppTest">
  <properties>
    <property name="java.runtime.name" value="Java(TM) SE Runtime Environment"/>
    <property name="sun.boot.library.path" value="C:\Program Files\Java\jdk1.7.0_06\jre\bin"/>
    <property name="java.vm.version" value="23.2-b09"/>
    <property name="java.vm.vendor" value="Oracle Corporation"/>
    <property name="java.vendor.url" value="http://java.oracle.com/"/>
    <property name="path.separator" value=";"/>
    <property name="java.vm.name" value="Java HotSpot(TM) 64-Bit Server VM"/>
    <property name="file.encoding.pkg" value="sun.io"/>
    <property name="user.script" value=""/>
    <property name="user.country" value="JP"/>
    <property name="sun.java.launcher" value="SUN_STANDARD"/>
    <property name="sun.os.patch.level" value="Service Pack 1"/>
    <property name="java.vm.specification.name" value="Java Virtual Machine Specification"/>
    <property name="user.dir" value="C:\Projects\workspace\FindBugs"/>
    <property name="java.runtime.version" value="1.7.0_06-b24"/>
    <property name="java.awt.graphicsenv" value="sun.awt.Win32GraphicsEnvironment"/>
    <property name="basedir" value="C:\Projects\workspace\FindBugs"/>
    <property name="java.endorsed.dirs" value="C:\Program Files\Java\jdk1.7.0_06\jre\lib\endorsed"/>
    <property name="os.arch" value="amd64"/>
    <property name="surefire.real.class.path" value="C:\Projects\workspace\FindBugs\target\surefire\surefirebooter2273019994088110741.jar"/>
    <property name="java.io.tmpdir" value="C:\Users\Owner\AppData\Local\Temp\"/>
    <property name="line.separator" value="
"/>
    <property name="java.vm.specification.vendor" value="Oracle Corporation"/>
    <property name="user.variant" value=""/>
    <property name="os.name" value="Windows 7"/>
    <property name="sun.jnu.encoding" value="MS932"/>
    <property name="java.library.path" value="C:\Program Files\Java\jdk1.7.0_06\jre\bin;C:\Windows\Sun\Java\bin;C:\Windows\system32;C:\Windows;C:\Ruby193\bin;C:\Users\Owner\AppData\Local\Android\android-sdk\tools;C:\Users\Owner\AppData\Local\Android\android-sdk\platform-tools;C:\Program Files (x86)\Git\cmd;C:\Windows\system32;C:\Windows;C:\Windows\System32\Wbem;C:\Windows\System32\WindowsPowerShell\v1.0\;C:\Program Files\Dell\Dell Wireless WLAN Card;C:\Program Files (x86)\Common Files\Roxio Shared\DLLShared\;C:\Program Files (x86)\Microsoft SQL Server\100\Tools\Binn\;C:\Program Files\Microsoft SQL Server\100\Tools\Binn\;C:\Program Files\Microsoft SQL Server\100\DTS\Binn\;c:\Python27;C:\Ruby193\developmentkit\bin;C:\Ruby193\developmentkit\mingw\bin;C:\Program Files\Java\jdk1.7.0_06\bin;C:\Projects\apache-maven-3.0.4\bin;C:\Program Files\TortoiseGit\bin;C:\Program Files\MySQL\MySQL Server 5.5\bin;C:\Program Files (x86)\Vim\vim73;."/>
    <property name="surefire.test.class.path" value="C:\Projects\workspace\FindBugs\target\test-classes;C:\Projects\workspace\FindBugs\target\classes;C:\Users\Owner\.m2\repository\org\eclipse\jgit\org.eclipse.jgit\2.1.0.201209190230-r\org.eclipse.jgit-2.1.0.201209190230-r.jar;C:\Users\Owner\.m2\repository\com\jcraft\jsch\0.1.44-1\jsch-0.1.44-1.jar;C:\Users\Owner\.m2\repository\org\eclipse\jgit\org.eclipse.jgit.http.server\2.1.0.201209190230-r\org.eclipse.jgit.http.server-2.1.0.201209190230-r.jar;C:\Users\Owner\.m2\repository\org\eclipse\jgit\org.eclipse.jgit.ui\2.1.0.201209190230-r\org.eclipse.jgit.ui-2.1.0.201209190230-r.jar;C:\Users\Owner\.m2\repository\org\eclipse\jgit\org.eclipse.jgit.junit\2.1.0.201209190230-r\org.eclipse.jgit.junit-2.1.0.201209190230-r.jar;C:\Users\Owner\.m2\repository\org\gitective\gitective-core\0.9.9\gitective-core-0.9.9.jar;C:\Users\Owner\.m2\repository\org\codehaus\mojo\findbugs-maven-plugin\2.5.2\findbugs-maven-plugin-2.5.2.jar;C:\Users\Owner\.m2\repository\org\codehaus\gmaven\gmaven-mojo\1.4\gmaven-mojo-1.4.jar;C:\Users\Owner\.m2\repository\org\codehaus\gmaven\runtime\gmaven-runtime-api\1.4\gmaven-runtime-api-1.4.jar;C:\Users\Owner\.m2\repository\org\codehaus\gmaven\feature\gmaven-feature-api\1.4\gmaven-feature-api-1.4.jar;C:\Users\Owner\.m2\repository\org\codehaus\gmaven\runtime\gmaven-runtime-1.5\1.4\gmaven-runtime-1.5-1.4.jar;C:\Users\Owner\.m2\repository\org\codehaus\gmaven\feature\gmaven-feature-support\1.4\gmaven-feature-support-1.4.jar;C:\Users\Owner\.m2\repository\org\codehaus\groovy\groovy-all-minimal\1.5.8\groovy-all-minimal-1.5.8.jar;C:\Users\Owner\.m2\repository\org\apache\ant\ant\1.8.2\ant-1.8.2.jar;C:\Users\Owner\.m2\repository\org\apache\ant\ant-launcher\1.8.2\ant-launcher-1.8.2.jar;C:\Users\Owner\.m2\repository\jline\jline\0.9.94\jline-0.9.94.jar;C:\Users\Owner\.m2\repository\org\apache\maven\maven-project\2.0.10\maven-project-2.0.10.jar;C:\Users\Owner\.m2\repository\org\apache\maven\maven-settings\2.0.10\maven-settings-2.0.10.jar;C:\Users\Owner\.m2\repository\org\apache\maven\maven-profile\2.0.10\maven-profile-2.0.10.jar;C:\Users\Owner\.m2\repository\org\apache\maven\maven-plugin-registry\2.0.10\maven-plugin-registry-2.0.10.jar;C:\Users\Owner\.m2\repository\org\codehaus\plexus\plexus-interpolation\1.1\plexus-interpolation-1.1.jar;C:\Users\Owner\.m2\repository\org\apache\maven\maven-plugin-api\2.0.10\maven-plugin-api-2.0.10.jar;C:\Users\Owner\.m2\repository\org\codehaus\gmaven\gmaven-plugin\1.4\gmaven-plugin-1.4.jar;C:\Users\Owner\.m2\repository\org\codehaus\gmaven\runtime\gmaven-runtime-loader\1.4\gmaven-runtime-loader-1.4.jar;C:\Users\Owner\.m2\repository\org\codehaus\plexus\plexus-classworlds\2.4\plexus-classworlds-2.4.jar;C:\Users\Owner\.m2\repository\org\codehaus\gmaven\runtime\gmaven-runtime-support\1.4\gmaven-runtime-support-1.4.jar;C:\Users\Owner\.m2\repository\org\sonatype\gshell\gshell-io\2.4\gshell-io-2.4.jar;C:\Users\Owner\.m2\repository\com\thoughtworks\qdox\qdox\1.12\qdox-1.12.jar;C:\Users\Owner\.m2\repository\org\apache\maven\shared\file-management\1.2.1\file-management-1.2.1.jar;C:\Users\Owner\.m2\repository\org\apache\maven\shared\maven-shared-io\1.1\maven-shared-io-1.1.jar;C:\Users\Owner\.m2\repository\org\apache\maven\maven-artifact\2.0.10\maven-artifact-2.0.10.jar;C:\Users\Owner\.m2\repository\org\apache\maven\maven-plugin-descriptor\2.0.10\maven-plugin-descriptor-2.0.10.jar;C:\Users\Owner\.m2\repository\commons-lang\commons-lang\2.6\commons-lang-2.6.jar;C:\Users\Owner\.m2\repository\org\slf4j\slf4j-api\1.5.10\slf4j-api-1.5.10.jar;C:\Users\Owner\.m2\repository\org\sonatype\gossip\gossip\1.2\gossip-1.2.jar;C:\Users\Owner\.m2\repository\org\apache\maven\reporting\maven-reporting-impl\2.1\maven-reporting-impl-2.1.jar;C:\Users\Owner\.m2\repository\commons-validator\commons-validator\1.2.0\commons-validator-1.2.0.jar;C:\Users\Owner\.m2\repository\commons-beanutils\commons-beanutils\1.7.0\commons-beanutils-1.7.0.jar;C:\Users\Owner\.m2\repository\commons-digester\commons-digester\1.6\commons-digester-1.6.jar;C:\Users\Owner\.m2\repository\commons-logging\commons-logging\1.0.4\commons-logging-1.0.4.jar;C:\Users\Owner\.m2\repository\oro\oro\2.0.8\oro-2.0.8.jar;C:\Users\Owner\.m2\repository\xml-apis\xml-apis\1.0.b2\xml-apis-1.0.b2.jar;C:\Users\Owner\.m2\repository\org\codehaus\groovy\groovy-all\1.7.4\groovy-all-1.7.4.jar;C:\Users\Owner\.m2\repository\org\codehaus\plexus\plexus-container-default\1.0-alpha-9\plexus-container-default-1.0-alpha-9.jar;C:\Users\Owner\.m2\repository\classworlds\classworlds\1.1-alpha-2\classworlds-1.1-alpha-2.jar;C:\Users\Owner\.m2\repository\org\apache\maven\reporting\maven-reporting-api\3.0\maven-reporting-api-3.0.jar;C:\Users\Owner\.m2\repository\org\apache\maven\doxia\doxia-core\1.1.3\doxia-core-1.1.3.jar;C:\Users\Owner\.m2\repository\org\apache\maven\doxia\doxia-logging-api\1.1.3\doxia-logging-api-1.1.3.jar;C:\Users\Owner\.m2\repository\xerces\xercesImpl\2.9.1\xercesImpl-2.9.1.jar;C:\Users\Owner\.m2\repository\commons-httpclient\commons-httpclient\3.1\commons-httpclient-3.1.jar;C:\Users\Owner\.m2\repository\commons-codec\commons-codec\1.2\commons-codec-1.2.jar;C:\Users\Owner\.m2\repository\org\apache\maven\doxia\doxia-sink-api\1.1.3\doxia-sink-api-1.1.3.jar;C:\Users\Owner\.m2\repository\org\apache\maven\doxia\doxia-decoration-model\1.1.3\doxia-decoration-model-1.1.3.jar;C:\Users\Owner\.m2\repository\org\apache\maven\doxia\doxia-site-renderer\1.1.3\doxia-site-renderer-1.1.3.jar;C:\Users\Owner\.m2\repository\org\apache\maven\doxia\doxia-module-xhtml\1.1.3\doxia-module-xhtml-1.1.3.jar;C:\Users\Owner\.m2\repository\org\apache\maven\doxia\doxia-module-fml\1.1.3\doxia-module-fml-1.1.3.jar;C:\Users\Owner\.m2\repository\org\codehaus\plexus\plexus-i18n\1.0-beta-7\plexus-i18n-1.0-beta-7.jar;C:\Users\Owner\.m2\repository\org\codehaus\plexus\plexus-velocity\1.1.7\plexus-velocity-1.1.7.jar;C:\Users\Owner\.m2\repository\org\apache\velocity\velocity\1.5\velocity-1.5.jar;C:\Users\Owner\.m2\repository\commons-collections\commons-collections\3.2\commons-collections-3.2.jar;C:\Users\Owner\.m2\repository\org\apache\maven\shared\maven-doxia-tools\1.2.1\maven-doxia-tools-1.2.1.jar;C:\Users\Owner\.m2\repository\commons-io\commons-io\1.4\commons-io-1.4.jar;C:\Users\Owner\.m2\repository\org\apache\maven\maven-artifact-manager\2.0.6\maven-artifact-manager-2.0.6.jar;C:\Users\Owner\.m2\repository\org\apache\maven\maven-repository-metadata\2.0.6\maven-repository-metadata-2.0.6.jar;C:\Users\Owner\.m2\repository\org\apache\maven\wagon\wagon-provider-api\1.0-beta-2\wagon-provider-api-1.0-beta-2.jar;C:\Users\Owner\.m2\repository\org\apache\maven\maven-model\2.0.6\maven-model-2.0.6.jar;C:\Users\Owner\.m2\repository\com\google\code\findbugs\findbugs-ant\2.0.1\findbugs-ant-2.0.1.jar;C:\Users\Owner\.m2\repository\com\google\code\findbugs\findbugs\2.0.1\findbugs-2.0.1.jar;C:\Users\Owner\.m2\repository\com\google\code\findbugs\bcel\2.0.1\bcel-2.0.1.jar;C:\Users\Owner\.m2\repository\com\google\code\findbugs\jsr305\2.0.1\jsr305-2.0.1.jar;C:\Users\Owner\.m2\repository\com\google\code\findbugs\jFormatString\2.0.1\jFormatString-2.0.1.jar;C:\Users\Owner\.m2\repository\com\google\code\findbugs\annotations\2.0.1\annotations-2.0.1.jar;C:\Users\Owner\.m2\repository\dom4j\dom4j\1.6.1\dom4j-1.6.1.jar;C:\Users\Owner\.m2\repository\jaxen\jaxen\1.1.1\jaxen-1.1.1.jar;C:\Users\Owner\.m2\repository\jdom\jdom\1.0\jdom-1.0.jar;C:\Users\Owner\.m2\repository\xom\xom\1.0\xom-1.0.jar;C:\Users\Owner\.m2\repository\xerces\xmlParserAPIs\2.6.2\xmlParserAPIs-2.6.2.jar;C:\Users\Owner\.m2\repository\xalan\xalan\2.6.0\xalan-2.6.0.jar;C:\Users\Owner\.m2\repository\com\ibm\icu\icu4j\2.6.1\icu4j-2.6.1.jar;C:\Users\Owner\.m2\repository\asm\asm\3.3\asm-3.3.jar;C:\Users\Owner\.m2\repository\asm\asm-tree\3.3\asm-tree-3.3.jar;C:\Users\Owner\.m2\repository\asm\asm-commons\3.3\asm-commons-3.3.jar;C:\Users\Owner\.m2\repository\jgoodies\plastic\1.2.0\plastic-1.2.0.jar;C:\Users\Owner\.m2\repository\org\codehaus\plexus\plexus-resources\1.0-alpha-4\plexus-resources-1.0-alpha-4.jar;C:\Users\Owner\.m2\repository\org\codehaus\plexus\plexus-utils\1.5.6\plexus-utils-1.5.6.jar;C:\Users\Owner\.m2\repository\org\sonatype\plexus\plexus-build-api\0.0.7\plexus-build-api-0.0.7.jar;C:\Users\Owner\.m2\repository\junit\junit\3.8.1\junit-3.8.1.jar;"/>
    <property name="java.specification.name" value="Java Platform API Specification"/>
    <property name="java.class.version" value="51.0"/>
    <property name="sun.management.compiler" value="HotSpot 64-Bit Tiered Compilers"/>
    <property name="os.version" value="6.1"/>
    <property name="user.home" value="C:\Users\Owner"/>
    <property name="user.timezone" value=""/>
    <property name="java.awt.printerjob" value="sun.awt.windows.WPrinterJob"/>
    <property name="java.specification.version" value="1.7"/>
    <property name="file.encoding" value="MS932"/>
    <property name="user.name" value="Owner"/>
    <property name="java.class.path" value="C:\Projects\workspace\FindBugs\target\test-classes;C:\Projects\workspace\FindBugs\target\classes;C:\Users\Owner\.m2\repository\org\eclipse\jgit\org.eclipse.jgit\2.1.0.201209190230-r\org.eclipse.jgit-2.1.0.201209190230-r.jar;C:\Users\Owner\.m2\repository\com\jcraft\jsch\0.1.44-1\jsch-0.1.44-1.jar;C:\Users\Owner\.m2\repository\org\eclipse\jgit\org.eclipse.jgit.http.server\2.1.0.201209190230-r\org.eclipse.jgit.http.server-2.1.0.201209190230-r.jar;C:\Users\Owner\.m2\repository\org\eclipse\jgit\org.eclipse.jgit.ui\2.1.0.201209190230-r\org.eclipse.jgit.ui-2.1.0.201209190230-r.jar;C:\Users\Owner\.m2\repository\org\eclipse\jgit\org.eclipse.jgit.junit\2.1.0.201209190230-r\org.eclipse.jgit.junit-2.1.0.201209190230-r.jar;C:\Users\Owner\.m2\repository\org\gitective\gitective-core\0.9.9\gitective-core-0.9.9.jar;C:\Users\Owner\.m2\repository\org\codehaus\mojo\findbugs-maven-plugin\2.5.2\findbugs-maven-plugin-2.5.2.jar;C:\Users\Owner\.m2\repository\org\codehaus\gmaven\gmaven-mojo\1.4\gmaven-mojo-1.4.jar;C:\Users\Owner\.m2\repository\org\codehaus\gmaven\runtime\gmaven-runtime-api\1.4\gmaven-runtime-api-1.4.jar;C:\Users\Owner\.m2\repository\org\codehaus\gmaven\feature\gmaven-feature-api\1.4\gmaven-feature-api-1.4.jar;C:\Users\Owner\.m2\repository\org\codehaus\gmaven\runtime\gmaven-runtime-1.5\1.4\gmaven-runtime-1.5-1.4.jar;C:\Users\Owner\.m2\repository\org\codehaus\gmaven\feature\gmaven-feature-support\1.4\gmaven-feature-support-1.4.jar;C:\Users\Owner\.m2\repository\org\codehaus\groovy\groovy-all-minimal\1.5.8\groovy-all-minimal-1.5.8.jar;C:\Users\Owner\.m2\repository\org\apache\ant\ant\1.8.2\ant-1.8.2.jar;C:\Users\Owner\.m2\repository\org\apache\ant\ant-launcher\1.8.2\ant-launcher-1.8.2.jar;C:\Users\Owner\.m2\repository\jline\jline\0.9.94\jline-0.9.94.jar;C:\Users\Owner\.m2\repository\org\apache\maven\maven-project\2.0.10\maven-project-2.0.10.jar;C:\Users\Owner\.m2\repository\org\apache\maven\maven-settings\2.0.10\maven-settings-2.0.10.jar;C:\Users\Owner\.m2\repository\org\apache\maven\maven-profile\2.0.10\maven-profile-2.0.10.jar;C:\Users\Owner\.m2\repository\org\apache\maven\maven-plugin-registry\2.0.10\maven-plugin-registry-2.0.10.jar;C:\Users\Owner\.m2\repository\org\codehaus\plexus\plexus-interpolation\1.1\plexus-interpolation-1.1.jar;C:\Users\Owner\.m2\repository\org\apache\maven\maven-plugin-api\2.0.10\maven-plugin-api-2.0.10.jar;C:\Users\Owner\.m2\repository\org\codehaus\gmaven\gmaven-plugin\1.4\gmaven-plugin-1.4.jar;C:\Users\Owner\.m2\repository\org\codehaus\gmaven\runtime\gmaven-runtime-loader\1.4\gmaven-runtime-loader-1.4.jar;C:\Users\Owner\.m2\repository\org\codehaus\plexus\plexus-classworlds\2.4\plexus-classworlds-2.4.jar;C:\Users\Owner\.m2\repository\org\codehaus\gmaven\runtime\gmaven-runtime-support\1.4\gmaven-runtime-support-1.4.jar;C:\Users\Owner\.m2\repository\org\sonatype\gshell\gshell-io\2.4\gshell-io-2.4.jar;C:\Users\Owner\.m2\repository\com\thoughtworks\qdox\qdox\1.12\qdox-1.12.jar;C:\Users\Owner\.m2\repository\org\apache\maven\shared\file-management\1.2.1\file-management-1.2.1.jar;C:\Users\Owner\.m2\repository\org\apache\maven\shared\maven-shared-io\1.1\maven-shared-io-1.1.jar;C:\Users\Owner\.m2\repository\org\apache\maven\maven-artifact\2.0.10\maven-artifact-2.0.10.jar;C:\Users\Owner\.m2\repository\org\apache\maven\maven-plugin-descriptor\2.0.10\maven-plugin-descriptor-2.0.10.jar;C:\Users\Owner\.m2\repository\commons-lang\commons-lang\2.6\commons-lang-2.6.jar;C:\Users\Owner\.m2\repository\org\slf4j\slf4j-api\1.5.10\slf4j-api-1.5.10.jar;C:\Users\Owner\.m2\repository\org\sonatype\gossip\gossip\1.2\gossip-1.2.jar;C:\Users\Owner\.m2\repository\org\apache\maven\reporting\maven-reporting-impl\2.1\maven-reporting-impl-2.1.jar;C:\Users\Owner\.m2\repository\commons-validator\commons-validator\1.2.0\commons-validator-1.2.0.jar;C:\Users\Owner\.m2\repository\commons-beanutils\commons-beanutils\1.7.0\commons-beanutils-1.7.0.jar;C:\Users\Owner\.m2\repository\commons-digester\commons-digester\1.6\commons-digester-1.6.jar;C:\Users\Owner\.m2\repository\commons-logging\commons-logging\1.0.4\commons-logging-1.0.4.jar;C:\Users\Owner\.m2\repository\oro\oro\2.0.8\oro-2.0.8.jar;C:\Users\Owner\.m2\repository\xml-apis\xml-apis\1.0.b2\xml-apis-1.0.b2.jar;C:\Users\Owner\.m2\repository\org\codehaus\groovy\groovy-all\1.7.4\groovy-all-1.7.4.jar;C:\Users\Owner\.m2\repository\org\codehaus\plexus\plexus-container-default\1.0-alpha-9\plexus-container-default-1.0-alpha-9.jar;C:\Users\Owner\.m2\repository\classworlds\classworlds\1.1-alpha-2\classworlds-1.1-alpha-2.jar;C:\Users\Owner\.m2\repository\org\apache\maven\reporting\maven-reporting-api\3.0\maven-reporting-api-3.0.jar;C:\Users\Owner\.m2\repository\org\apache\maven\doxia\doxia-core\1.1.3\doxia-core-1.1.3.jar;C:\Users\Owner\.m2\repository\org\apache\maven\doxia\doxia-logging-api\1.1.3\doxia-logging-api-1.1.3.jar;C:\Users\Owner\.m2\repository\xerces\xercesImpl\2.9.1\xercesImpl-2.9.1.jar;C:\Users\Owner\.m2\repository\commons-httpclient\commons-httpclient\3.1\commons-httpclient-3.1.jar;C:\Users\Owner\.m2\repository\commons-codec\commons-codec\1.2\commons-codec-1.2.jar;C:\Users\Owner\.m2\repository\org\apache\maven\doxia\doxia-sink-api\1.1.3\doxia-sink-api-1.1.3.jar;C:\Users\Owner\.m2\repository\org\apache\maven\doxia\doxia-decoration-model\1.1.3\doxia-decoration-model-1.1.3.jar;C:\Users\Owner\.m2\repository\org\apache\maven\doxia\doxia-site-renderer\1.1.3\doxia-site-renderer-1.1.3.jar;C:\Users\Owner\.m2\repository\org\apache\maven\doxia\doxia-module-xhtml\1.1.3\doxia-module-xhtml-1.1.3.jar;C:\Users\Owner\.m2\repository\org\apache\maven\doxia\doxia-module-fml\1.1.3\doxia-module-fml-1.1.3.jar;C:\Users\Owner\.m2\repository\org\codehaus\plexus\plexus-i18n\1.0-beta-7\plexus-i18n-1.0-beta-7.jar;C:\Users\Owner\.m2\repository\org\codehaus\plexus\plexus-velocity\1.1.7\plexus-velocity-1.1.7.jar;C:\Users\Owner\.m2\repository\org\apache\velocity\velocity\1.5\velocity-1.5.jar;C:\Users\Owner\.m2\repository\commons-collections\commons-collections\3.2\commons-collections-3.2.jar;C:\Users\Owner\.m2\repository\org\apache\maven\shared\maven-doxia-tools\1.2.1\maven-doxia-tools-1.2.1.jar;C:\Users\Owner\.m2\repository\commons-io\commons-io\1.4\commons-io-1.4.jar;C:\Users\Owner\.m2\repository\org\apache\maven\maven-artifact-manager\2.0.6\maven-artifact-manager-2.0.6.jar;C:\Users\Owner\.m2\repository\org\apache\maven\maven-repository-metadata\2.0.6\maven-repository-metadata-2.0.6.jar;C:\Users\Owner\.m2\repository\org\apache\maven\wagon\wagon-provider-api\1.0-beta-2\wagon-provider-api-1.0-beta-2.jar;C:\Users\Owner\.m2\repository\org\apache\maven\maven-model\2.0.6\maven-model-2.0.6.jar;C:\Users\Owner\.m2\repository\com\google\code\findbugs\findbugs-ant\2.0.1\findbugs-ant-2.0.1.jar;C:\Users\Owner\.m2\repository\com\google\code\findbugs\findbugs\2.0.1\findbugs-2.0.1.jar;C:\Users\Owner\.m2\repository\com\google\code\findbugs\bcel\2.0.1\bcel-2.0.1.jar;C:\Users\Owner\.m2\repository\com\google\code\findbugs\jsr305\2.0.1\jsr305-2.0.1.jar;C:\Users\Owner\.m2\repository\com\google\code\findbugs\jFormatString\2.0.1\jFormatString-2.0.1.jar;C:\Users\Owner\.m2\repository\com\google\code\findbugs\annotations\2.0.1\annotations-2.0.1.jar;C:\Users\Owner\.m2\repository\dom4j\dom4j\1.6.1\dom4j-1.6.1.jar;C:\Users\Owner\.m2\repository\jaxen\jaxen\1.1.1\jaxen-1.1.1.jar;C:\Users\Owner\.m2\repository\jdom\jdom\1.0\jdom-1.0.jar;C:\Users\Owner\.m2\repository\xom\xom\1.0\xom-1.0.jar;C:\Users\Owner\.m2\repository\xerces\xmlParserAPIs\2.6.2\xmlParserAPIs-2.6.2.jar;C:\Users\Owner\.m2\repository\xalan\xalan\2.6.0\xalan-2.6.0.jar;C:\Users\Owner\.m2\repository\com\ibm\icu\icu4j\2.6.1\icu4j-2.6.1.jar;C:\Users\Owner\.m2\repository\asm\asm\3.3\asm-3.3.jar;C:\Users\Owner\.m2\repository\asm\asm-tree\3.3\asm-tree-3.3.jar;C:\Users\Owner\.m2\repository\asm\asm-commons\3.3\asm-commons-3.3.jar;C:\Users\Owner\.m2\repository\jgoodies\plastic\1.2.0\plastic-1.2.0.jar;C:\Users\Owner\.m2\repository\org\codehaus\plexus\plexus-resources\1.0-alpha-4\plexus-resources-1.0-alpha-4.jar;C:\Users\Owner\.m2\repository\org\codehaus\plexus\plexus-utils\1.5.6\plexus-utils-1.5.6.jar;C:\Users\Owner\.m2\repository\org\sonatype\plexus\plexus-build-api\0.0.7\plexus-build-api-0.0.7.jar;C:\Users\Owner\.m2\repository\junit\junit\3.8.1\junit-3.8.1.jar;"/>
    <property name="java.vm.specification.version" value="1.7"/>
    <property name="sun.arch.data.model" value="64"/>
    <property name="java.home" value="C:\Program Files\Java\jdk1.7.0_06\jre"/>
    <property name="sun.java.command" value="C:\Projects\workspace\FindBugs\target\surefire\surefirebooter2273019994088110741.jar C:\Projects\workspace\FindBugs\target\surefire\surefire12931999594949624tmp C:\Projects\workspace\FindBugs\target\surefire\surefire6562035544741230105tmp"/>
    <property name="java.specification.vendor" value="Oracle Corporation"/>
    <property name="user.language" value="ja"/>
    <property name="awt.toolkit" value="sun.awt.windows.WToolkit"/>
    <property name="java.vm.info" value="mixed mode"/>
    <property name="java.version" value="1.7.0_06"/>
    <property name="java.ext.dirs" value="C:\Program Files\Java\jdk1.7.0_06\jre\lib\ext;C:\Windows\Sun\Java\lib\ext"/>
    <property name="sun.boot.class.path" value="C:\Program Files\Java\jdk1.7.0_06\jre\lib\resources.jar;C:\Program Files\Java\jdk1.7.0_06\jre\lib\rt.jar;C:\Program Files\Java\jdk1.7.0_06\jre\lib\sunrsasign.jar;C:\Program Files\Java\jdk1.7.0_06\jre\lib\jsse.jar;C:\Program Files\Java\jdk1.7.0_06\jre\lib\jce.jar;C:\Program Files\Java\jdk1.7.0_06\jre\lib\charsets.jar;C:\Program Files\Java\jdk1.7.0_06\jre\lib\jfr.jar;C:\Program Files\Java\jdk1.7.0_06\jre\classes"/>
    <property name="java.vendor" value="Oracle Corporation"/>
    <property name="localRepository" value="C:\Users\Owner\.m2\repository"/>
    <property name="file.separator" value="\"/>
    <property name="java.vendor.url.bug" value="http://bugreport.sun.com/bugreport/"/>
    <property name="sun.cpu.endian" value="little"/>
    <property name="sun.io.unicode.encoding" value="UnicodeLittle"/>
    <property name="sun.desktop" value="windows"/>
    <property name="sun.cpu.isalist" value="amd64"/>
  </properties>
  <testcase time="0.002" classname="FindBugsManager.FindBugs.AppTest" name="testApp"/>
</testsuite>